[2024-02-03 15:49:16]  ----- BEGIN -----
[2024-02-03 15:49:16]  Old version 
[2024-02-04 15:18:15]  ----- BEGIN -----
[2024-02-04 15:18:15]  Old version 2.2.7
[2024-02-04 15:18:15]  Migrations found: 
[2024-02-04 15:18:15]  ArContactusUpgrade_157.php
[2024-02-04 15:18:15]  ArContactusUpgrade_160.php
[2024-02-04 15:18:15]  ArContactusUpgrade_180.php
[2024-02-04 15:18:15]  ArContactusUpgrade_182.php
[2024-02-04 15:18:15]  ArContactusUpgrade_195.php
[2024-02-04 15:18:15]  ArContactusUpgrade_199.php
[2024-02-04 15:18:15]  ArContactusUpgrade_200.php
[2024-02-04 15:18:15]  ArContactusUpgrade_211.php
[2024-02-04 15:18:15]  ArContactusUpgrade_223.php
[2024-02-04 15:18:15]  Store plugin version 2.2.7
[2024-02-04 15:18:15]  ----- END -----

[2024-02-04 15:18:24]  ----- BEGIN -----
[2024-02-04 15:18:24]  Old version 2.2.7
[2024-02-04 15:18:24]  Migrations found: 
[2024-02-04 15:18:24]  ArContactusUpgrade_157.php
[2024-02-04 15:18:24]  ArContactusUpgrade_160.php
[2024-02-04 15:18:24]  ArContactusUpgrade_180.php
[2024-02-04 15:18:24]  ArContactusUpgrade_182.php
[2024-02-04 15:18:24]  ArContactusUpgrade_195.php
[2024-02-04 15:18:24]  ArContactusUpgrade_199.php
[2024-02-04 15:18:24]  ArContactusUpgrade_200.php
[2024-02-04 15:18:24]  ArContactusUpgrade_211.php
[2024-02-04 15:18:24]  ArContactusUpgrade_223.php
[2024-02-04 15:18:24]  Store plugin version 2.2.7
[2024-02-04 15:18:24]  ----- END -----

[2024-02-05 14:54:21]  ----- BEGIN -----
[2024-02-05 14:54:21]  Old version 2.2.7
[2024-02-05 14:54:21]  Migrations found: 
[2024-02-05 14:54:21]  ArContactusUpgrade_157.php
[2024-02-05 14:54:21]  ArContactusUpgrade_160.php
[2024-02-05 14:54:21]  ArContactusUpgrade_180.php
[2024-02-05 14:54:21]  ArContactusUpgrade_182.php
[2024-02-05 14:54:21]  ArContactusUpgrade_195.php
[2024-02-05 14:54:21]  ArContactusUpgrade_199.php
[2024-02-05 14:54:21]  ArContactusUpgrade_200.php
[2024-02-05 14:54:21]  ArContactusUpgrade_211.php
[2024-02-05 14:54:21]  ArContactusUpgrade_223.php
[2024-02-05 14:54:21]  Store plugin version 2.2.7
[2024-02-05 14:54:21]  ----- END -----

[2024-02-05 14:54:38]  ----- BEGIN -----
[2024-02-05 14:54:38]  Old version 2.2.7
[2024-02-05 14:54:38]  Migrations found: 
[2024-02-05 14:54:38]  ArContactusUpgrade_157.php
[2024-02-05 14:54:38]  ArContactusUpgrade_160.php
[2024-02-05 14:54:38]  ArContactusUpgrade_180.php
[2024-02-05 14:54:38]  ArContactusUpgrade_182.php
[2024-02-05 14:54:38]  ArContactusUpgrade_195.php
[2024-02-05 14:54:38]  ArContactusUpgrade_199.php
[2024-02-05 14:54:38]  ArContactusUpgrade_200.php
[2024-02-05 14:54:38]  ArContactusUpgrade_211.php
[2024-02-05 14:54:38]  ArContactusUpgrade_223.php
[2024-02-05 14:54:38]  Store plugin version 2.2.7
[2024-02-05 14:54:38]  ----- END -----

[2024-02-26 04:09:27]  ----- BEGIN -----
[2024-02-26 04:09:27]  Old version 2.2.7
[2024-02-26 04:09:27]  Migrations found: 
[2024-02-26 04:09:27]  ArContactusUpgrade_157.php
[2024-02-26 04:09:27]  ArContactusUpgrade_160.php
[2024-02-26 04:09:27]  ArContactusUpgrade_180.php
[2024-02-26 04:09:27]  ArContactusUpgrade_182.php
[2024-02-26 04:09:27]  ArContactusUpgrade_195.php
[2024-02-26 04:09:27]  ArContactusUpgrade_199.php
[2024-02-26 04:09:27]  ArContactusUpgrade_200.php
[2024-02-26 04:09:27]  ArContactusUpgrade_211.php
[2024-02-26 04:09:27]  ArContactusUpgrade_223.php
[2024-02-26 04:09:27]  Store plugin version 2.2.7
[2024-02-26 04:09:27]  ----- END -----

[2024-02-26 07:26:22]  ----- BEGIN -----
[2024-02-26 07:26:22]  Old version 2.2.7
[2024-02-26 07:26:22]  Migrations found: 
[2024-02-26 07:26:22]  ArContactusUpgrade_157.php
[2024-02-26 07:26:22]  ArContactusUpgrade_160.php
[2024-02-26 07:26:22]  ArContactusUpgrade_180.php
[2024-02-26 07:26:22]  ArContactusUpgrade_182.php
[2024-02-26 07:26:22]  ArContactusUpgrade_195.php
[2024-02-26 07:26:22]  ArContactusUpgrade_199.php
[2024-02-26 07:26:22]  ArContactusUpgrade_200.php
[2024-02-26 07:26:22]  ArContactusUpgrade_211.php
[2024-02-26 07:26:22]  ArContactusUpgrade_223.php
[2024-02-26 07:26:22]  Store plugin version 2.2.7
[2024-02-26 07:26:22]  ----- END -----

[2025-05-17 04:57:05]  ----- BEGIN -----
[2025-05-17 04:57:05]  Old version 2.2.7
[2025-05-17 04:57:05]  Migrations found: 
[2025-05-17 04:57:05]  ArContactusUpgrade_157.php
[2025-05-17 04:57:05]  ArContactusUpgrade_160.php
[2025-05-17 04:57:05]  ArContactusUpgrade_180.php
[2025-05-17 04:57:05]  ArContactusUpgrade_182.php
[2025-05-17 04:57:05]  ArContactusUpgrade_195.php
[2025-05-17 04:57:05]  ArContactusUpgrade_199.php
[2025-05-17 04:57:05]  ArContactusUpgrade_200.php
[2025-05-17 04:57:05]  ArContactusUpgrade_211.php
[2025-05-17 04:57:05]  ArContactusUpgrade_223.php
[2025-05-17 04:57:05]  Store plugin version 2.2.7
[2025-05-17 04:57:05]  ----- END -----

